<?xml version="1.0" encoding="UTF-8"?>
<!-- Generated by org.testng.reporters.JUnitXMLReporter -->
<testsuite ignored="0" hostname="DESKTOP-Q2R7KPI" failures="1" tests="3" name="Error Validation Test" time="39.611" errors="0" timestamp="2025-11-13T15:27:13 IST">
  <testcase classname="ecom.tests.ErrorValidationsTest" name="errorValidation" time="0.341">
    <skipped/>
  </testcase> <!-- errorValidation -->
  <testcase classname="ecom.tests.ErrorValidationsTest" name="errorValidation" time="0.833">
    <failure type="java.lang.AssertionError" message="expected [Incorrect email or password.] but found [Incorrect email password.]">
      <![CDATA[java.lang.AssertionError: expected [Incorrect email or password.] but found [Incorrect email password.]
at ecom.tests.ErrorValidationsTest.errorValidation(ErrorValidationsTest.java:23)
at java.base/java.util.ArrayList.forEach(ArrayList.java:1511)
... Removed 33 stack frames]]>
    </failure>
  </testcase> <!-- errorValidation -->
  <testcase classname="ecom.tests.ErrorValidationsTest" name="productErrorValidation" time="14.304"/>
</testsuite> <!-- Error Validation Test -->
