<?xml version="1.0" encoding="UTF-8"?>
<!-- Generated by org.testng.reporters.JUnitXMLReporter -->
<testsuite ignored="0" hostname="DESKTOP-Q2R7KPI" failures="0" tests="3" name="Submit Order Test" time="55.98" errors="0" timestamp="2025-11-13T15:26:33 IST">
  <testcase classname="ecom.tests.SubmitOrderTest" name="submitOrder" time="16.069"/>
  <testcase classname="ecom.tests.SubmitOrderTest" name="submitOrder" time="14.764"/>
  <testcase classname="ecom.tests.SubmitOrderTest" name="OrderHistoryTest" time="0.839"/>
</testsuite> <!-- Submit Order Test -->
