<?xml version="1.0" encoding="UTF-8"?>
<!-- Generated by org.testng.reporters.JUnitReportReporter -->
<testsuite hostname="DESKTOP-Q2R7KPI" failures="0" tests="3" name="ecom.tests.SubmitOrderTest" time="55.684" errors="0" timestamp="2025-11-13T15:27:13 IST" skipped="0">
  <testcase classname="ecom.tests.SubmitOrderTest" name="OrderHistoryTest" time="7.596"/>
  <testcase classname="ecom.tests.SubmitOrderTest" name="submitOrder" time="25.261"/>
  <testcase classname="ecom.tests.SubmitOrderTest" name="submitOrder" time="22.827"/>
</testsuite> <!-- ecom.tests.SubmitOrderTest -->
