<?xml version="1.0" encoding="UTF-8"?>
<!-- Generated by org.testng.reporters.JUnitReportReporter -->
<testsuite hostname="DESKTOP-Q2R7KPI" failures="0" tests="3" name="rahulshettyacademy.tests.SubmitOrderTest" time="83.121" errors="0" timestamp="2025-09-20T15:38:32 IST" skipped="0">
  <testcase classname="rahulshettyacademy.tests.SubmitOrderTest" name="submitOrder" time="26.785"/>
  <testcase classname="rahulshettyacademy.tests.SubmitOrderTest" name="OrderHistoryTest" time="20.992"/>
  <testcase classname="rahulshettyacademy.tests.SubmitOrderTest" name="submitOrder" time="35.344"/>
</testsuite> <!-- rahulshettyacademy.tests.SubmitOrderTest -->
