<?xml version="1.0" encoding="UTF-8"?>
<!-- Generated by org.testng.reporters.JUnitReportReporter -->
<testsuite hostname="DESKTOP-Q2R7KPI" failures="0" tests="3" name="rahulshettyacademy.tests.SubmitOrderTest" time="81.081" errors="0" timestamp="04 Oct 2025 09:51:06 GMT" skipped="0">
  <testcase classname="rahulshettyacademy.tests.SubmitOrderTest" name="submitOrder" time="33.752"/>
  <testcase classname="rahulshettyacademy.tests.SubmitOrderTest" name="OrderHistoryTest" time="17.329"/>
  <testcase classname="rahulshettyacademy.tests.SubmitOrderTest" name="submitOrder" time="30.000"/>
</testsuite> <!-- rahulshettyacademy.tests.SubmitOrderTest -->
